Checking GPU visibility with nvidia-smi
Fri Nov 29 11:55:48 2024       
+---------------------------------------------------------------------------------------+
| NVIDIA-SMI 535.171.04             Driver Version: 535.171.04   CUDA Version: 12.2     |
|-----------------------------------------+----------------------+----------------------+
| GPU  Name                 Persistence-M | Bus-Id        Disp.A | Volatile Uncorr. ECC |
| Fan  Temp   Perf          Pwr:Usage/Cap |         Memory-Usage | GPU-Util  Compute M. |
|                                         |                      |               MIG M. |
|=========================================+======================+======================|
|   0  NVIDIA GeForce RTX 3060        Off | 00000000:01:00.0 Off |                  N/A |
|  0%   52C    P8              14W / 170W |      8MiB / 12288MiB |      0%      Default |
|                                         |                      |                  N/A |
+-----------------------------------------+----------------------+----------------------+
                                                                                         
+---------------------------------------------------------------------------------------+
| Processes:                                                                            |
|  GPU   GI   CI        PID   Type   Process name                            GPU Memory |
|        ID   ID                                                             Usage      |
|=======================================================================================|
|    0   N/A  N/A    192266      G   /usr/lib/xorg/Xorg                            4MiB |
+---------------------------------------------------------------------------------------+
Virtual environment found, activating
[01;34m/opt/nfs/shared/images/ImageNetDogs[0m
├── [01;34mAnnotation[0m
├── file_list.mat
├── [01;34mImages[0m
├── README.txt
├── test_data.mat
├── test_list.mat
├── train_data.mat
└── train_list.mat

2 directories, 6 files
/opt/nfs/shared/images/ImageNetDogs/Images/n02085620-Chihuahua:                      directory
/opt/nfs/shared/images/ImageNetDogs/Images/n02085782-Japanese_spaniel:               directory
/opt/nfs/shared/images/ImageNetDogs/Images/n02085936-Maltese_dog:                    directory
/opt/nfs/shared/images/ImageNetDogs/Images/n02086079-Pekinese:                       directory
/opt/nfs/shared/images/ImageNetDogs/Images/n02086240-Shih-Tzu:                       directory
120
20580
